Release 14.7 - xst P.20131013 (nt64)
Copyright (c) 1995-2013 Xilinx, Inc.  All rights reserved.
--> Parameter TMPDIR set to xst/projnav.tmp


Total REAL time to Xst completion: 0.00 secs
Total CPU time to Xst completion: 0.13 secs
 
--> Parameter xsthdpdir set to xst


Total REAL time to Xst completion: 0.00 secs
Total CPU time to Xst completion: 0.13 secs
 
--> Reading design: led_clocks.prj

TABLE OF CONTENTS
  1) Synthesis Options Summary
  2) HDL Parsing
  3) HDL Elaboration
  4) HDL Synthesis
       4.1) HDL Synthesis Report
  5) Advanced HDL Synthesis
       5.1) Advanced HDL Synthesis Report
  6) Low Level Synthesis
  7) Partition Report
  8) Design Summary
       8.1) Primitive and Black Box Usage
       8.2) Device utilization summary
       8.3) Partition Resource Summary
       8.4) Timing Report
            8.4.1) Clock Information
            8.4.2) Asynchronous Control Signals Information
            8.4.3) Timing Summary
            8.4.4) Timing Details
            8.4.5) Cross Clock Domains Report


=========================================================================
*                      Synthesis Options Summary                        *
=========================================================================
---- Source Parameters
Input File Name                    : "led_clocks.prj"
Ignore Synthesis Constraint File   : NO

---- Target Parameters
Output File Name                   : "led_clocks"
Output Format                      : NGC
Target Device                      : xc6slx9-3-csg324

---- Source Options
Top Module Name                    : led_clocks
Automatic FSM Extraction           : YES
FSM Encoding Algorithm             : Auto
Safe Implementation                : No
FSM Style                          : LUT
RAM Extraction                     : Yes
RAM Style                          : Auto
ROM Extraction                     : Yes
Shift Register Extraction          : YES
ROM Style                          : Auto
Resource Sharing                   : YES
Asynchronous To Synchronous        : NO
Shift Register Minimum Size        : 2
Use DSP Block                      : Auto
Automatic Register Balancing       : No

---- Target Options
LUT Combining                      : Auto
Reduce Control Sets                : Auto
Add IO Buffers                     : YES
Global Maximum Fanout              : 100000
Add Generic Clock Buffer(BUFG)     : 16
Register Duplication               : YES
Optimize Instantiated Primitives   : NO
Use Clock Enable                   : Auto
Use Synchronous Set                : Auto
Use Synchronous Reset              : Auto
Pack IO Registers into IOBs        : Auto
Equivalent register Removal        : YES

---- General Options
Optimization Goal                  : Speed
Optimization Effort                : 1
Power Reduction                    : NO
Keep Hierarchy                     : No
Netlist Hierarchy                  : As_Optimized
RTL Output                         : Yes
Global Optimization                : AllClockNets
Read Cores                         : YES
Write Timing Constraints           : NO
Cross Clock Analysis               : NO
Hierarchy Separator                : /
Bus Delimiter                      : <>
Case Specifier                     : Maintain
Slice Utilization Ratio            : 100
BRAM Utilization Ratio             : 100
DSP48 Utilization Ratio            : 100
Auto BRAM Packing                  : NO
Slice Utilization Ratio Delta      : 5

=========================================================================


=========================================================================
*                          HDL Parsing                                  *
=========================================================================
Parsing VHDL file "C:\WORK\FPGA_Git_Repo\FPGA_Sample_Project\led_blink\src\led_clocks.vhd" into library work
Parsing entity <led_clocks>.
Parsing architecture <Behavioral> of entity <led_clocks>.

=========================================================================
*                            HDL Elaboration                            *
=========================================================================

Elaborating entity <led_clocks> (architecture <Behavioral>) from library <work>.

=========================================================================
*                           HDL Synthesis                               *
=========================================================================

Synthesizing Unit <led_clocks>.
    Related source file is "C:\WORK\FPGA_Git_Repo\FPGA_Sample_Project\led_blink\src\led_clocks.vhd".
    Found 1-bit register for signal <line_clk>.
    Found 1-bit register for signal <led_enable>.
    Found 1-bit register for signal <red_led>.
    Found 1-bit register for signal <blue_led>.
    Found 1-bit register for signal <green_led>.
    Found 1-bit register for signal <red_scan>.
    Found 1-bit register for signal <green_scan>.
    Found 1-bit register for signal <blue_scan>.
    Found 1-bit register for signal <mode>.
    Found 12-bit register for signal <cntr_val>.
    Found 12-bit adder for signal <cntr_val[11]_GND_3_o_add_16_OUT> created at line 148.
    Summary:
	inferred   1 Adder/Subtractor(s).
	inferred  21 D-type flip-flop(s).
	inferred   4 Multiplexer(s).
Unit <led_clocks> synthesized.

=========================================================================
HDL Synthesis Report

Macro Statistics
# Adders/Subtractors                                   : 1
 12-bit adder                                          : 1
# Registers                                            : 10
 1-bit register                                        : 9
 12-bit register                                       : 1
# Multiplexers                                         : 4
 1-bit 2-to-1 multiplexer                              : 3
 12-bit 2-to-1 multiplexer                             : 1

=========================================================================

=========================================================================
*                       Advanced HDL Synthesis                          *
=========================================================================


Synthesizing (advanced) Unit <led_clocks>.
The following registers are absorbed into counter <cntr_val>: 1 register on signal <cntr_val>.
Unit <led_clocks> synthesized (advanced).

=========================================================================
Advanced HDL Synthesis Report

Macro Statistics
# Counters                                             : 1
 12-bit up counter                                     : 1
# Registers                                            : 9
 Flip-Flops                                            : 9
# Multiplexers                                         : 3
 1-bit 2-to-1 multiplexer                              : 3

=========================================================================

=========================================================================
*                         Low Level Synthesis                           *
=========================================================================

Optimizing unit <led_clocks> ...

Mapping all equations...
Building and optimizing final netlist ...
Found area constraint ratio of 100 (+ 5) on block led_clocks, actual ratio is 1.
FlipFlop cntr_val_1 has been replicated 1 time(s)
FlipFlop cntr_val_2 has been replicated 1 time(s)

Final Macro Processing ...

=========================================================================
Final Register Report

Macro Statistics
# Registers                                            : 23
 Flip-Flops                                            : 23

=========================================================================

=========================================================================
*                           Partition Report                            *
=========================================================================

Partition Implementation Status
-------------------------------

  No Partitions were found in this design.

-------------------------------

=========================================================================
*                            Design Summary                             *
=========================================================================

Top Level Output File Name         : led_clocks.ngc

Primitive and Black Box Usage:
------------------------------
# BELS                             : 108
#      GND                         : 1
#      INV                         : 3
#      LUT1                        : 11
#      LUT2                        : 5
#      LUT3                        : 19
#      LUT4                        : 8
#      LUT5                        : 6
#      LUT6                        : 28
#      MUXCY                       : 11
#      MUXF7                       : 3
#      VCC                         : 1
#      XORCY                       : 12
# FlipFlops/Latches                : 23
#      FD                          : 18
#      FDR                         : 4
#      FDRE                        : 1
# Clock Buffers                    : 1
#      BUFGP                       : 1
# IO Buffers                       : 22
#      IBUF                        : 4
#      OBUF                        : 18

Device utilization summary:
---------------------------

Selected Device : 6slx9csg324-3 


Slice Logic Utilization: 
 Number of Slice Registers:              23  out of  11440     0%  
 Number of Slice LUTs:                   80  out of   5720     1%  
    Number used as Logic:                80  out of   5720     1%  

Slice Logic Distribution: 
 Number of LUT Flip Flop pairs used:     82
   Number with an unused Flip Flop:      59  out of     82    71%  
   Number with an unused LUT:             2  out of     82     2%  
   Number of fully used LUT-FF pairs:    21  out of     82    25%  
   Number of unique control sets:         3

IO Utilization: 
 Number of IOs:                          23
 Number of bonded IOBs:                  23  out of    200    11%  

Specific Feature Utilization:
 Number of BUFG/BUFGCTRLs:                1  out of     16     6%  

---------------------------
Partition Resource Summary:
---------------------------

  No Partitions were found in this design.

---------------------------


=========================================================================
Timing Report

NOTE: THESE TIMING NUMBERS ARE ONLY A SYNTHESIS ESTIMATE.
      FOR ACCURATE TIMING INFORMATION PLEASE REFER TO THE TRACE REPORT
      GENERATED AFTER PLACE-and-ROUTE.

Clock Information:
------------------
-----------------------------------+------------------------+-------+
Clock Signal                       | Clock buffer(FF name)  | Load  |
-----------------------------------+------------------------+-------+
pix_clk                            | BUFGP                  | 23    |
-----------------------------------+------------------------+-------+

Asynchronous Control Signals Information:
----------------------------------------
No asynchronous control signals found in this design

Timing Summary:
---------------
Speed Grade: -3

   Minimum period: 4.935ns (Maximum Frequency: 202.634MHz)
   Minimum input arrival time before clock: 4.522ns
   Maximum output required time after clock: 4.151ns
   Maximum combinational path delay: No path found

Timing Details:
---------------
All values displayed in nanoseconds (ns)

=========================================================================
Timing constraint: Default period analysis for Clock 'pix_clk'
  Clock period: 4.935ns (frequency: 202.634MHz)
  Total number of paths / destination ports: 613 / 24
-------------------------------------------------------------------------
Delay:               4.935ns (Levels of Logic = 5)
  Source:            cntr_val_3 (FF)
  Destination:       red_led_sig (FF)
  Source Clock:      pix_clk rising
  Destination Clock: pix_clk rising

  Data Path: cntr_val_3 to red_led_sig
                                Gate     Net
    Cell:in->out      fanout   Delay   Delay  Logical Name (Net Name)
    ----------------------------------------  ------------
     FD:C->Q              18   0.447   1.278  cntr_val_3 (cntr_val_3)
     LUT5:I2->O            2   0.205   0.617  _n0124_inv1_SW1 (N17)
     LUT6:I5->O            5   0.205   0.962  GND_3_o_cntr_val[11]_equal_11_o<11>1 (GND_3_o_cntr_val[11]_equal_11_o)
     LUT6:I2->O            1   0.203   0.000  _n0104_F (N77)
     MUXF7:I0->O           1   0.131   0.580  _n0104 (_n0104)
     LUT4:I3->O            1   0.205   0.000  red_led_sig_glue_set (red_led_sig_glue_set)
     FDR:D                     0.102          red_led_sig
    ----------------------------------------
    Total                      4.935ns (1.498ns logic, 3.437ns route)
                                       (30.4% logic, 69.6% route)

=========================================================================
Timing constraint: Default OFFSET IN BEFORE for Clock 'pix_clk'
  Total number of paths / destination ports: 36 / 23
-------------------------------------------------------------------------
Offset:              4.522ns (Levels of Logic = 4)
  Source:            rst (PAD)
  Destination:       green_scan (FF)
  Destination Clock: pix_clk rising

  Data Path: rst to green_scan
                                Gate     Net
    Cell:in->out      fanout   Delay   Delay  Logical Name (Net Name)
    ----------------------------------------  ------------
     IBUF:I->O            20   1.222   1.321  rst_IBUF (rst_IBUF)
     LUT4:I1->O            1   0.205   0.684  GND_3_o_cntr_val[11]_equal_2_o<11>1_SW3 (N43)
     LUT6:I4->O            1   0.203   0.580  _n00991 (_n0099)
     LUT6:I5->O            1   0.205   0.000  green_scan_rstpot (green_scan_rstpot)
     FD:D                      0.102          green_scan
    ----------------------------------------
    Total                      4.522ns (1.937ns logic, 2.585ns route)
                                       (42.8% logic, 57.2% route)

=========================================================================
Timing constraint: Default OFFSET OUT AFTER for Clock 'pix_clk'
  Total number of paths / destination ports: 18 / 18
-------------------------------------------------------------------------
Offset:              4.151ns (Levels of Logic = 1)
  Source:            cntr_val_2 (FF)
  Destination:       count_val<2> (PAD)
  Source Clock:      pix_clk rising

  Data Path: cntr_val_2 to count_val<2>
                                Gate     Net
    Cell:in->out      fanout   Delay   Delay  Logical Name (Net Name)
    ----------------------------------------  ------------
     FD:C->Q              22   0.447   1.133  cntr_val_2 (cntr_val_2)
     OBUF:I->O                 2.571          count_val_2_OBUF (count_val<2>)
    ----------------------------------------
    Total                      4.151ns (3.018ns logic, 1.133ns route)
                                       (72.7% logic, 27.3% route)

=========================================================================

Cross Clock Domains Report:
--------------------------

Clock to Setup on destination clock pix_clk
---------------+---------+---------+---------+---------+
               | Src:Rise| Src:Fall| Src:Rise| Src:Fall|
Source Clock   |Dest:Rise|Dest:Rise|Dest:Fall|Dest:Fall|
---------------+---------+---------+---------+---------+
pix_clk        |    4.935|         |         |         |
---------------+---------+---------+---------+---------+

=========================================================================


Total REAL time to Xst completion: 5.00 secs
Total CPU time to Xst completion: 5.37 secs
 
--> 

Total memory usage is 333172 kilobytes

Number of errors   :    0 (   0 filtered)
Number of warnings :    0 (   0 filtered)
Number of infos    :    0 (   0 filtered)

